========================================================================================
Report      : ERROR
Date        : 2020-08-04T20:55:10+0800
Description : Could not open XML file referred to by 'file://DDS_DefaultQoS_All.xml'.
Node        : GUNDAM-3800X
Process     : python.exe <16880>
Thread      : 14532
Internals   : 6.9.181127OSS/42c7cafa/42c7cafa/cmn_qosProviderNew/cmn_qosProvider.c/1005/3/1596545710.721938300/-1
========================================================================================
Context     : dds_participant_create
Date        : 2020-08-04T20:55:37+0800
Node        : GUNDAM-3800X
Process     : python.exe <2508>
Thread      : 14572
Internals   : dds_domainParticipant.c/426/6.9.181127OSS/42c7cafa/42c7cafa/-1
----------------------------------------------------------------------------------------
Report      : Bad parameter: Claim of object of type DDS_DOMAINPARTICIPANT pointed to by 0x0 failed
Internals   : C:\cygwin\home\dds\OvernightTests\tmp_ZOccFQb4dc\build\src\api\dcps\sac\code\sac_object.c/DDS_Object_claim/174/3/1596545737.130597600
----------------------------------------------------------------------------------------
Report      : Bad parameter: Object (0x0) is not a valid DDS_DOMAINPARTICIPANT pointer
Internals   : C:\cygwin\home\dds\OvernightTests\tmp_ZOccFQb4dc\build\src\api\dcps\sac\code\sac_object.c/DDS_Object_check/71/3/1596545737.130611800
----------------------------------------------------------------------------------------
Report      : Unable to connect to domain id = <ANY>.
              The most common causes of this error are an incorrect configuration file or
              that OpenSpliceDDS is not running (when using shared memory mode).
Internals   : u_participantNew/u_participant.c/234/773/1596545737.130620700
----------------------------------------------------------------------------------------
Report      : Attach to shared memory segment failed
Internals   : user::u_domain::attachToFederatedDomain/u_domain.c/1349/769/1596545737.130629500
----------------------------------------------------------------------------------------
Report      : Cannot connect to domainId (0) and domainName (The default Domain).
              Please make sure to start OpenSplice before creating a DomainParticipant.
Internals   : user::u_domain::attachSharedMemory/u_domain.c/1317/773/1596545737.130637400
----------------------------------------------------------------------------------------
Report      : os_win32_loopKeyFiles: Could not find any key file: C:\Users\leonf\AppData\Local\Temp\osp*.tmp
Internals   : u_domainOpen/u_domain.c/79/0/1596545737.130645800
----------------------------------------------------------------------------------------
Report      : os_win32_loopKeyFiles: Could not find any key file: C:\Users\leonf\AppData\Local\Temp\osp*.tmp
Internals   : u_domainOpen/u_domain.c/79/0/1596545737.130653700
----------------------------------------------------------------------------------------
Report      : os_win32_loopKeyFiles: Could not find any key file: C:\Users\leonf\AppData\Local\Temp\osp*.tmp
Internals   : u_domainOpen/u_domain.c/79/0/1596545737.130661600
----------------------------------------------------------------------------------------
Report      : os_win32_loopKeyFiles: Could not find any key file: C:\Users\leonf\AppData\Local\Temp\osp*.tmp
Internals   : u_domainOpen/u_domain.c/79/0/1596545737.130669400
----------------------------------------------------------------------------------------
Report      : os_win32_loopKeyFiles: Could not find any key file: C:\Users\leonf\AppData\Local\Temp\osp*.tmp
Internals   : u_domainOpen/u_domain.c/79/0/1596545737.130677300
----------------------------------------------------------------------------------------
Report      : os_win32_loopKeyFiles: Could not find any key file: C:\Users\leonf\AppData\Local\Temp\osp*.tmp
Internals   : u_domainOpen/u_domain.c/79/0/1596545737.130685300
----------------------------------------------------------------------------------------
Report      : os_win32_loopKeyFiles: Could not find any key file: C:\Users\leonf\AppData\Local\Temp\osp*.tmp
Internals   : u_domainOpen/u_domain.c/79/0/1596545737.130693000
----------------------------------------------------------------------------------------
Report      : os_win32_loopKeyFiles: Could not find any key file: C:\Users\leonf\AppData\Local\Temp\osp*.tmp
Internals   : u_domainOpen/u_domain.c/79/0/1596545737.130720800
----------------------------------------------------------------------------------------
Report      : os_win32_loopKeyFiles: Could not find any key file: C:\Users\leonf\AppData\Local\Temp\osp*.tmp
Internals   : u_domainOpen/u_domain.c/79/0/1596545737.130730100
----------------------------------------------------------------------------------------
Report      : os_win32_loopKeyFiles: Could not find any key file: C:\Users\leonf\AppData\Local\Temp\osp*.tmp
Internals   : u_domainOpen/u_domain.c/79/0/1596545737.130738000
========================================================================================
Context     : dds_participant_create
Date        : 2020-08-04T20:56:18+0800
Node        : GUNDAM-3800X
Process     : python.exe <17616>
Thread      : 21020
Internals   : dds_domainParticipant.c/426/6.9.181127OSS/42c7cafa/42c7cafa/-1
----------------------------------------------------------------------------------------
Report      : Bad parameter: Claim of object of type DDS_DOMAINPARTICIPANT pointed to by 0x0 failed
Internals   : C:\cygwin\home\dds\OvernightTests\tmp_ZOccFQb4dc\build\src\api\dcps\sac\code\sac_object.c/DDS_Object_claim/174/3/1596545778.623222000
----------------------------------------------------------------------------------------
Report      : Bad parameter: Object (0x0) is not a valid DDS_DOMAINPARTICIPANT pointer
Internals   : C:\cygwin\home\dds\OvernightTests\tmp_ZOccFQb4dc\build\src\api\dcps\sac\code\sac_object.c/DDS_Object_check/71/3/1596545778.623233000
----------------------------------------------------------------------------------------
Report      : Unable to connect to domain id = <ANY>.
              The most common causes of this error are an incorrect configuration file or
              that OpenSpliceDDS is not running (when using shared memory mode).
Internals   : u_participantNew/u_participant.c/234/773/1596545778.623240800
----------------------------------------------------------------------------------------
Report      : Attach to shared memory segment failed
Internals   : user::u_domain::attachToFederatedDomain/u_domain.c/1349/769/1596545778.623248500
----------------------------------------------------------------------------------------
Report      : Cannot connect to domainId (0) and domainName (The default Domain).
              Please make sure to start OpenSplice before creating a DomainParticipant.
Internals   : user::u_domain::attachSharedMemory/u_domain.c/1317/773/1596545778.623255500
----------------------------------------------------------------------------------------
Report      : os_win32_loopKeyFiles: Could not find any key file: C:\Users\leonf\AppData\Local\Temp\osp*.tmp
Internals   : u_domainOpen/u_domain.c/79/0/1596545778.623262800
----------------------------------------------------------------------------------------
Report      : os_win32_loopKeyFiles: Could not find any key file: C:\Users\leonf\AppData\Local\Temp\osp*.tmp
Internals   : u_domainOpen/u_domain.c/79/0/1596545778.623269800
----------------------------------------------------------------------------------------
Report      : os_win32_loopKeyFiles: Could not find any key file: C:\Users\leonf\AppData\Local\Temp\osp*.tmp
Internals   : u_domainOpen/u_domain.c/79/0/1596545778.623276600
----------------------------------------------------------------------------------------
Report      : os_win32_loopKeyFiles: Could not find any key file: C:\Users\leonf\AppData\Local\Temp\osp*.tmp
Internals   : u_domainOpen/u_domain.c/79/0/1596545778.623283400
----------------------------------------------------------------------------------------
Report      : os_win32_loopKeyFiles: Could not find any key file: C:\Users\leonf\AppData\Local\Temp\osp*.tmp
Internals   : u_domainOpen/u_domain.c/79/0/1596545778.623290300
----------------------------------------------------------------------------------------
Report      : os_win32_loopKeyFiles: Could not find any key file: C:\Users\leonf\AppData\Local\Temp\osp*.tmp
Internals   : u_domainOpen/u_domain.c/79/0/1596545778.623321700
----------------------------------------------------------------------------------------
Report      : os_win32_loopKeyFiles: Could not find any key file: C:\Users\leonf\AppData\Local\Temp\osp*.tmp
Internals   : u_domainOpen/u_domain.c/79/0/1596545778.623330200
----------------------------------------------------------------------------------------
Report      : os_win32_loopKeyFiles: Could not find any key file: C:\Users\leonf\AppData\Local\Temp\osp*.tmp
Internals   : u_domainOpen/u_domain.c/79/0/1596545778.623337100
----------------------------------------------------------------------------------------
Report      : os_win32_loopKeyFiles: Could not find any key file: C:\Users\leonf\AppData\Local\Temp\osp*.tmp
Internals   : u_domainOpen/u_domain.c/79/0/1596545778.623344000
----------------------------------------------------------------------------------------
Report      : os_win32_loopKeyFiles: Could not find any key file: C:\Users\leonf\AppData\Local\Temp\osp*.tmp
Internals   : u_domainOpen/u_domain.c/79/0/1596545778.623350800
